<?xml version="1.0" encoding="UTF-8"?>
<!-- Generated by org.testng.reporters.JUnitXMLReporter -->
<testsuite hostname="ubuntu" name="Default test" tests="26" failures="0" timestamp="19 Aug 2014 07:53:37 GMT" time="17.312" errors="0">
  <testcase name="context" time="0.946" classname="property.AutomationContextTest"/>
  <testcase name="getDelayTime" time="0.535" classname="property.AutomationContextTest"/>
  <testcase name="getHostName" time="0.009" classname="property.AutomationContextTest"/>
  <testcase name="getPassword" time="0.023" classname="property.AutomationContextTest"/>
  <testcase name="getUserName" time="0.024" classname="property.AutomationContextTest"/>
  <testcase name="clearServiceHttpHeader" time="0.07" classname="lib.AxisServiceClientTest"/>
  <testcase name="clearServiceParas" time="0.001" classname="lib.AxisServiceClientTest"/>
  <testcase name="createArrayFromOMElement" time="0.715" classname="lib.AxisServiceClientTest"/>
  <testcase name="createPayloadWithText" time="0.001" classname="lib.AxisServiceClientTest"/>
  <testcase name="getMethod" time="0.078" classname="lib.AxisServiceClientTest"/>
  <testcase name="getResponseAttributeValue" time="0.006" classname="lib.AxisServiceClientTest"/>
  <testcase name="getTargetNamespace" time="7.968" classname="lib.AxisServiceClientTest"/>
  <testcase name="getValue" time="0.001" classname="lib.AxisServiceClientTest"/>
  <testcase name="testGenerateClient" time="1.698" classname="generator.ClientGeneratorTest"/>
  <testcase name="testGenerateLibraries" time="4.741" classname="generator.ClientGeneratorTest"/>
  <testcase name="testGetOperations" time="0.132" classname="generator.ClientGeneratorTest"/>
  <testcase name="testGetServiceName" time="0.187" classname="generator.ClientGeneratorTest"/>
  <testcase name="testIsMethodNameValid" time="0.005" classname="generator.ClientGeneratorTest"/>
  <testcase name="testIsNameValid" time="0.0" classname="generator.ClientGeneratorTest"/>
  <testcase name="testSave" time="0.018" classname="generator.ClientGeneratorTest"/>
  <testcase name="createAARServiceData" time="0.02" classname="lib.ObjectPoolTest"/>
  <testcase name="createProxyData" time="0.002" classname="lib.ObjectPoolTest"/>
  <testcase name="createUploadedFileItems" time="0.001" classname="lib.ObjectPoolTest"/>
  <testcase name="CreateArray" time="0.002" classname="lib.StandardTest"/>
  <testcase name="containString" time="0.001" classname="lib.StandardTest"/>
  <testcase name="createArrayFromOME" time="0.002" classname="lib.StandardTest"/>
</testsuite> <!-- Default test -->
