<?xml version="1.0" encoding="UTF-8"?>
<!-- Generated by org.testng.reporters.JUnitXMLReporter -->
<testsuite hostname="ubuntu" name="Default test" tests="5" failures="0" timestamp="21 Aug 2014 05:39:21 GMT" time="1.446" errors="0">
  <testcase name="context" time="0.861" classname="client.configuration.AutomationConfigurationReaderTest"/>
  <testcase name="getDelayTime" time="0.43" classname="client.configuration.AutomationConfigurationReaderTest"/>
  <testcase name="getHostName" time="0.007" classname="client.configuration.AutomationConfigurationReaderTest"/>
  <testcase name="getPassword" time="0.031" classname="client.configuration.AutomationConfigurationReaderTest"/>
  <testcase name="getUserName" time="0.021" classname="client.configuration.AutomationConfigurationReaderTest"/>
</testsuite> <!-- Default test -->
