<?xml version="1.0" encoding="UTF-8"?>
<testng-results skipped="0" failed="0" total="1" passed="1">
  <reporter-output>
  </reporter-output>
  <suite name="Default suite" duration-ms="9637" started-at="2014-08-17T14:20:30Z" finished-at="2014-08-17T14:20:40Z">
    <groups>
    </groups>
    <test name="Default test" duration-ms="9637" started-at="2014-08-17T14:20:30Z" finished-at="2014-08-17T14:20:40Z">
      <class name="generator.ClientGeneratorTest">
        <test-method status="PASS" signature="testGenerateLibraries()[pri:0, instance:generator.ClientGeneratorTest@7ac65660]" name="testGenerateLibraries" duration-ms="9587" started-at="2014-08-17T19:50:30Z" finished-at="2014-08-17T19:50:40Z">
          <reporter-output>
          </reporter-output>
        </test-method> <!-- testGenerateLibraries -->
      </class> <!-- generator.ClientGeneratorTest -->
    </test> <!-- Default test -->
  </suite> <!-- Default suite -->
</testng-results>
